{"/Users/soyuka/dpicker/dist/dpicker.js":{"path":"/Users/soyuka/dpicker/dist/dpicker.js","s":{"1":1,"2":1,"3":0,"4":1,"5":1,"6":0,"7":1,"8":1,"9":1,"10":6,"11":227,"12":358,"13":1,"14":51,"15":1581,"16":1,"17":8,"18":23,"19":3,"20":20,"21":5,"22":1,"23":37,"24":37,"25":37,"26":11,"27":26,"28":26,"29":26,"30":26,"31":26,"32":26,"33":26,"34":26,"35":26,"36":26,"37":26,"38":26,"39":26,"40":26,"41":3,"42":1,"43":2,"44":2,"45":2,"46":1,"47":2,"48":8,"49":8,"50":8,"51":8,"52":4,"53":4,"54":3,"55":1,"56":2,"57":2,"58":2,"59":2,"60":23,"61":23,"62":25,"63":25,"64":25,"65":25,"66":1,"67":26,"68":26,"69":51,"70":0,"71":51,"72":51,"73":0,"74":51,"75":51,"76":51,"77":25,"78":25,"79":25,"80":51,"81":51,"82":51,"83":51,"84":0,"85":26,"86":26,"87":51,"88":51,"89":0,"90":1,"91":26,"92":26,"93":52,"94":47,"95":5,"96":5,"97":2,"98":3,"99":3,"100":11,"101":11,"102":1,"103":10,"104":10,"105":5,"106":10,"107":11,"108":4,"109":1,"110":3,"111":3,"112":1,"113":2,"114":6,"115":6,"116":4,"117":1,"118":1,"119":1,"120":1,"121":1,"122":1,"123":2,"124":2,"125":2,"126":2,"127":2,"128":1,"129":16,"130":2,"131":14,"132":14,"133":12,"134":2,"135":2,"136":1,"137":64,"138":1,"139":61,"140":168,"141":1,"142":41,"143":123,"144":1,"145":64,"146":64,"147":64,"148":64,"149":64,"150":2199,"151":64,"152":1,"153":64,"154":64,"155":64,"156":64,"157":1,"158":1,"159":12,"160":63,"161":1,"162":1,"163":12,"164":64,"165":762,"166":1,"167":64,"168":64,"169":64,"170":64,"171":64,"172":64,"173":64,"174":64,"175":448,"176":378,"177":2646,"178":313,"179":313,"180":2333,"181":64,"182":64,"183":2269,"184":63,"185":63,"186":2269,"187":2646,"188":1,"189":2,"190":4,"191":1,"192":26,"193":26,"194":15,"195":1,"196":15,"197":15,"198":26,"199":26,"200":25,"201":25,"202":1,"203":1,"204":16,"205":1,"206":8,"207":39,"208":13,"209":8,"210":8,"211":5,"212":13,"213":1,"214":1},"b":{"1":[0,1],"2":[1,0],"3":[1,0],"4":[1,1],"5":[28,26],"6":[3,20],"7":[26,11],"8":[11,26],"9":[26,21],"10":[26,25],"11":[2,24],"12":[1,25],"13":[1,25],"14":[26,24],"15":[26,25],"16":[26,26],"17":[26,26],"18":[26,25],"19":[26,26],"20":[3,23],"21":[26,8],"22":[26,0],"23":[3,23],"24":[1,2],"25":[2,1],"26":[2,2],"27":[1,1],"28":[4,4],"29":[3,1],"30":[0,51],"31":[0,51],"32":[25,0],"33":[0],"34":[0],"35":[47,5],"36":[2,3],"37":[1,10],"38":[5,5],"39":[1,3],"40":[3,0],"41":[1,2],"42":[4,2],"43":[6,4],"44":[1,1],"45":[2,14],"46":[14,14],"47":[12,2],"48":[14,13],"49":[3,61],"50":[1,63],"51":[1,62],"52":[313,2333],"53":[2646,1870],"54":[64,2269],"55":[2333,378],"56":[63,2206],"57":[1970,676],"58":[1970,676],"59":[1970,676],"60":[1970,676],"61":[1970,0],"62":[1,14],"63":[11,4],"64":[25,1],"65":[8,5],"66":[7,1]},"f":{"1":1,"2":1,"3":0,"4":6,"5":227,"6":358,"7":51,"8":1581,"9":8,"10":37,"11":8,"12":26,"13":51,"14":51,"15":25,"16":26,"17":52,"18":11,"19":4,"20":6,"21":1,"22":1,"23":2,"24":14,"25":16,"26":64,"27":61,"28":168,"29":41,"30":123,"31":64,"32":64,"33":12,"34":12,"35":762,"36":64,"37":448,"38":378,"39":2646,"40":2,"41":4,"42":1,"43":26,"44":15,"45":15,"46":26,"47":1,"48":16,"49":8,"50":39,"51":13},"fnMap":{"1":{"name":"(anonymous_1)","line":2,"loc":{"start":{"line":2,"column":1},"end":{"line":2,"column":26}}},"2":{"name":"(anonymous_2)","line":13,"loc":{"start":{"line":13,"column":8},"end":{"line":13,"column":36}}},"3":{"name":"noop","line":16,"loc":{"start":{"line":16,"column":0},"end":{"line":16,"column":16}}},"4":{"name":"injector","line":17,"loc":{"start":{"line":17,"column":0},"end":{"line":17,"column":22}}},"5":{"name":"(anonymous_5)","line":18,"loc":{"start":{"line":18,"column":9},"end":{"line":18,"column":42}}},"6":{"name":"(anonymous_6)","line":19,"loc":{"start":{"line":19,"column":11},"end":{"line":19,"column":22}}},"7":{"name":"uuid","line":24,"loc":{"start":{"line":24,"column":0},"end":{"line":24,"column":16}}},"8":{"name":"(anonymous_8)","line":25,"loc":{"start":{"line":25,"column":64},"end":{"line":25,"column":76}}},"9":{"name":"isElementInContainer","line":29,"loc":{"start":{"line":29,"column":0},"end":{"line":29,"column":51}}},"10":{"name":"DPicker","line":38,"loc":{"start":{"line":38,"column":0},"end":{"line":38,"column":26}}},"11":{"name":"(anonymous_11)","line":81,"loc":{"start":{"line":81,"column":83},"end":{"line":81,"column":98}}},"12":{"name":"loadModules","line":107,"loc":{"start":{"line":107,"column":33},"end":{"line":107,"column":56}}},"13":{"name":"(anonymous_13)","line":110,"loc":{"start":{"line":110,"column":13},"end":{"line":110,"column":30}}},"14":{"name":"(anonymous_14)","line":114,"loc":{"start":{"line":114,"column":19},"end":{"line":114,"column":35}}},"15":{"name":"(anonymous_15)","line":120,"loc":{"start":{"line":120,"column":32},"end":{"line":120,"column":46}}},"16":{"name":"loadEvents","line":145,"loc":{"start":{"line":145,"column":32},"end":{"line":145,"column":54}}},"17":{"name":"(anonymous_17)","line":148,"loc":{"start":{"line":148,"column":10},"end":{"line":148,"column":24}}},"18":{"name":"(anonymous_18)","line":159,"loc":{"start":{"line":159,"column":17},"end":{"line":159,"column":31}}},"19":{"name":"(anonymous_19)","line":172,"loc":{"start":{"line":172,"column":15},"end":{"line":172,"column":29}}},"20":{"name":"(anonymous_20)","line":182,"loc":{"start":{"line":182,"column":16},"end":{"line":182,"column":30}}},"21":{"name":"(anonymous_21)","line":188,"loc":{"start":{"line":188,"column":16},"end":{"line":188,"column":30}}},"22":{"name":"(anonymous_22)","line":193,"loc":{"start":{"line":193,"column":17},"end":{"line":193,"column":31}}},"23":{"name":"(anonymous_23)","line":198,"loc":{"start":{"line":198,"column":14},"end":{"line":198,"column":28}}},"24":{"name":"(anonymous_24)","line":207,"loc":{"start":{"line":207,"column":16},"end":{"line":207,"column":27}}},"25":{"name":"(anonymous_25)","line":208,"loc":{"start":{"line":208,"column":13},"end":{"line":208,"column":27}}},"26":{"name":"renderInput","line":220,"loc":{"start":{"line":220,"column":41},"end":{"line":220,"column":86}}},"27":{"name":"renderInput","line":233,"loc":{"start":{"line":233,"column":45},"end":{"line":233,"column":90}}},"28":{"name":"(anonymous_28)","line":234,"loc":{"start":{"line":234,"column":39},"end":{"line":234,"column":51}}},"29":{"name":"render","line":238,"loc":{"start":{"line":238,"column":36},"end":{"line":238,"column":76}}},"30":{"name":"(anonymous_30)","line":242,"loc":{"start":{"line":242,"column":21},"end":{"line":242,"column":33}}},"31":{"name":"renderYears","line":246,"loc":{"start":{"line":246,"column":41},"end":{"line":246,"column":86}}},"32":{"name":"renderMonths","line":263,"loc":{"start":{"line":263,"column":42},"end":{"line":263,"column":88}}},"33":{"name":"(anonymous_33)","line":269,"loc":{"start":{"line":269,"column":27},"end":{"line":269,"column":42}}},"34":{"name":"(anonymous_34)","line":274,"loc":{"start":{"line":274,"column":27},"end":{"line":274,"column":42}}},"35":{"name":"(anonymous_35)","line":281,"loc":{"start":{"line":281,"column":16},"end":{"line":281,"column":31}}},"36":{"name":"renderDays","line":289,"loc":{"start":{"line":289,"column":40},"end":{"line":289,"column":84}}},"37":{"name":"(anonymous_37)","line":297,"loc":{"start":{"line":297,"column":43},"end":{"line":297,"column":55}}},"38":{"name":"(anonymous_38)","line":299,"loc":{"start":{"line":299,"column":16},"end":{"line":299,"column":33}}},"39":{"name":"(anonymous_39)","line":300,"loc":{"start":{"line":300,"column":56},"end":{"line":300,"column":73}}},"40":{"name":"(anonymous_40)","line":328,"loc":{"start":{"line":328,"column":21},"end":{"line":328,"column":32}}},"41":{"name":"(anonymous_41)","line":331,"loc":{"start":{"line":331,"column":19},"end":{"line":331,"column":30}}},"42":{"name":"(anonymous_42)","line":334,"loc":{"start":{"line":334,"column":17},"end":{"line":334,"column":28}}},"43":{"name":"(anonymous_43)","line":338,"loc":{"start":{"line":338,"column":9},"end":{"line":338,"column":28}}},"44":{"name":"(anonymous_44)","line":340,"loc":{"start":{"line":340,"column":23},"end":{"line":340,"column":34}}},"45":{"name":"(anonymous_45)","line":347,"loc":{"start":{"line":347,"column":9},"end":{"line":347,"column":20}}},"46":{"name":"(anonymous_46)","line":352,"loc":{"start":{"line":352,"column":9},"end":{"line":352,"column":28}}},"47":{"name":"(anonymous_47)","line":358,"loc":{"start":{"line":358,"column":23},"end":{"line":358,"column":34}}},"48":{"name":"(anonymous_48)","line":362,"loc":{"start":{"line":362,"column":9},"end":{"line":362,"column":20}}},"49":{"name":"(anonymous_49)","line":368,"loc":{"start":{"line":368,"column":84},"end":{"line":368,"column":96}}},"50":{"name":"(anonymous_50)","line":370,"loc":{"start":{"line":370,"column":9},"end":{"line":370,"column":20}}},"51":{"name":"(anonymous_51)","line":373,"loc":{"start":{"line":373,"column":9},"end":{"line":373,"column":28}}}},"statementMap":{"1":{"start":{"line":2,"column":0},"end":{"line":387,"column":4}},"2":{"start":{"line":3,"column":4},"end":{"line":12,"column":5}},"3":{"start":{"line":5,"column":8},"end":{"line":5,"column":59}},"4":{"start":{"line":6,"column":11},"end":{"line":12,"column":5}},"5":{"start":{"line":8,"column":8},"end":{"line":8,"column":73}},"6":{"start":{"line":11,"column":8},"end":{"line":11,"column":59}},"7":{"start":{"line":15,"column":0},"end":{"line":15,"column":19}},"8":{"start":{"line":16,"column":0},"end":{"line":16,"column":18}},"9":{"start":{"line":17,"column":0},"end":{"line":23,"column":1}},"10":{"start":{"line":18,"column":2},"end":{"line":22,"column":4}},"11":{"start":{"line":19,"column":4},"end":{"line":21,"column":6}},"12":{"start":{"line":20,"column":6},"end":{"line":20,"column":40}},"13":{"start":{"line":24,"column":0},"end":{"line":28,"column":1}},"14":{"start":{"line":25,"column":2},"end":{"line":27,"column":5}},"15":{"start":{"line":26,"column":4},"end":{"line":26,"column":58}},"16":{"start":{"line":29,"column":0},"end":{"line":37,"column":1}},"17":{"start":{"line":30,"column":2},"end":{"line":35,"column":3}},"18":{"start":{"line":31,"column":4},"end":{"line":33,"column":5}},"19":{"start":{"line":32,"column":6},"end":{"line":32,"column":18}},"20":{"start":{"line":34,"column":4},"end":{"line":34,"column":31}},"21":{"start":{"line":36,"column":2},"end":{"line":36,"column":15}},"22":{"start":{"line":38,"column":0},"end":{"line":106,"column":1}},"23":{"start":{"line":39,"column":2},"end":{"line":39,"column":62}},"24":{"start":{"line":40,"column":2},"end":{"line":40,"column":18}},"25":{"start":{"line":41,"column":2},"end":{"line":43,"column":3}},"26":{"start":{"line":42,"column":4},"end":{"line":42,"column":41}},"27":{"start":{"line":44,"column":2},"end":{"line":44,"column":27}},"28":{"start":{"line":45,"column":2},"end":{"line":45,"column":38}},"29":{"start":{"line":46,"column":2},"end":{"line":59,"column":4}},"30":{"start":{"line":60,"column":2},"end":{"line":60,"column":35}},"31":{"start":{"line":61,"column":2},"end":{"line":61,"column":35}},"32":{"start":{"line":62,"column":2},"end":{"line":62,"column":47}},"33":{"start":{"line":63,"column":2},"end":{"line":63,"column":36}},"34":{"start":{"line":64,"column":2},"end":{"line":66,"column":3}},"35":{"start":{"line":65,"column":4},"end":{"line":65,"column":24}},"36":{"start":{"line":67,"column":2},"end":{"line":67,"column":56}},"37":{"start":{"line":68,"column":2},"end":{"line":68,"column":187}},"38":{"start":{"line":69,"column":2},"end":{"line":69,"column":23}},"39":{"start":{"line":70,"column":2},"end":{"line":70,"column":22}},"40":{"start":{"line":71,"column":2},"end":{"line":101,"column":3}},"41":{"start":{"line":72,"column":4},"end":{"line":74,"column":5}},"42":{"start":{"line":73,"column":6},"end":{"line":73,"column":87}},"43":{"start":{"line":75,"column":4},"end":{"line":75,"column":74}},"44":{"start":{"line":76,"column":4},"end":{"line":76,"column":80}},"45":{"start":{"line":77,"column":4},"end":{"line":79,"column":5}},"46":{"start":{"line":78,"column":6},"end":{"line":78,"column":43}},"47":{"start":{"line":81,"column":4},"end":{"line":93,"column":7}},"48":{"start":{"line":82,"column":6},"end":{"line":82,"column":25}},"49":{"start":{"line":83,"column":6},"end":{"line":83,"column":15}},"50":{"start":{"line":84,"column":6},"end":{"line":84,"column":41}},"51":{"start":{"line":85,"column":6},"end":{"line":87,"column":7}},"52":{"start":{"line":86,"column":8},"end":{"line":86,"column":15}},"53":{"start":{"line":88,"column":6},"end":{"line":92,"column":7}},"54":{"start":{"line":89,"column":8},"end":{"line":89,"column":62}},"55":{"start":{"line":91,"column":8},"end":{"line":91,"column":35}},"56":{"start":{"line":94,"column":4},"end":{"line":94,"column":79}},"57":{"start":{"line":95,"column":4},"end":{"line":95,"column":42}},"58":{"start":{"line":96,"column":4},"end":{"line":96,"column":46}},"59":{"start":{"line":97,"column":4},"end":{"line":97,"column":29}},"60":{"start":{"line":99,"column":4},"end":{"line":99,"column":123}},"61":{"start":{"line":100,"column":4},"end":{"line":100,"column":31}},"62":{"start":{"line":102,"column":2},"end":{"line":102,"column":60}},"63":{"start":{"line":103,"column":2},"end":{"line":103,"column":55}},"64":{"start":{"line":104,"column":2},"end":{"line":104,"column":69}},"65":{"start":{"line":105,"column":2},"end":{"line":105,"column":14}},"66":{"start":{"line":107,"column":0},"end":{"line":144,"column":2}},"67":{"start":{"line":108,"column":2},"end":{"line":108,"column":18}},"68":{"start":{"line":109,"column":2},"end":{"line":136,"column":11}},"69":{"start":{"line":111,"column":8},"end":{"line":113,"column":9}},"70":{"start":{"line":112,"column":10},"end":{"line":112,"column":19}},"71":{"start":{"line":114,"column":8},"end":{"line":127,"column":17}},"72":{"start":{"line":115,"column":10},"end":{"line":117,"column":11}},"73":{"start":{"line":116,"column":12},"end":{"line":116,"column":21}},"74":{"start":{"line":118,"column":10},"end":{"line":118,"column":45}},"75":{"start":{"line":119,"column":10},"end":{"line":119,"column":55}},"76":{"start":{"line":120,"column":10},"end":{"line":125,"column":12}},"77":{"start":{"line":121,"column":12},"end":{"line":123,"column":13}},"78":{"start":{"line":122,"column":14},"end":{"line":122,"column":42}},"79":{"start":{"line":124,"column":12},"end":{"line":124,"column":59}},"80":{"start":{"line":128,"column":8},"end":{"line":134,"column":9}},"81":{"start":{"line":128,"column":14},"end":{"line":134,"column":9}},"82":{"start":{"line":129,"column":10},"end":{"line":129,"column":29}},"83":{"start":{"line":130,"column":10},"end":{"line":133,"column":11}},"84":{"start":{"line":132,"column":14},"end":{"line":132,"column":28}},"85":{"start":{"line":137,"column":2},"end":{"line":143,"column":3}},"86":{"start":{"line":137,"column":8},"end":{"line":143,"column":3}},"87":{"start":{"line":138,"column":4},"end":{"line":138,"column":24}},"88":{"start":{"line":139,"column":4},"end":{"line":142,"column":5}},"89":{"start":{"line":141,"column":8},"end":{"line":141,"column":22}},"90":{"start":{"line":145,"column":0},"end":{"line":219,"column":2}},"91":{"start":{"line":146,"column":2},"end":{"line":146,"column":18}},"92":{"start":{"line":147,"column":2},"end":{"line":218,"column":4}},"93":{"start":{"line":149,"column":6},"end":{"line":151,"column":7}},"94":{"start":{"line":150,"column":8},"end":{"line":150,"column":15}},"95":{"start":{"line":152,"column":6},"end":{"line":152,"column":28}},"96":{"start":{"line":153,"column":6},"end":{"line":155,"column":7}},"97":{"start":{"line":154,"column":8},"end":{"line":154,"column":15}},"98":{"start":{"line":156,"column":6},"end":{"line":156,"column":33}},"99":{"start":{"line":157,"column":6},"end":{"line":157,"column":39}},"100":{"start":{"line":160,"column":6},"end":{"line":160,"column":42}},"101":{"start":{"line":161,"column":6},"end":{"line":169,"column":7}},"102":{"start":{"line":162,"column":8},"end":{"line":162,"column":34}},"103":{"start":{"line":164,"column":8},"end":{"line":164,"column":67}},"104":{"start":{"line":165,"column":8},"end":{"line":167,"column":9}},"105":{"start":{"line":166,"column":10},"end":{"line":166,"column":38}},"106":{"start":{"line":168,"column":8},"end":{"line":168,"column":35}},"107":{"start":{"line":170,"column":6},"end":{"line":170,"column":22}},"108":{"start":{"line":173,"column":6},"end":{"line":175,"column":7}},"109":{"start":{"line":174,"column":8},"end":{"line":174,"column":15}},"110":{"start":{"line":176,"column":6},"end":{"line":176,"column":49}},"111":{"start":{"line":177,"column":6},"end":{"line":179,"column":7}},"112":{"start":{"line":178,"column":8},"end":{"line":178,"column":15}},"113":{"start":{"line":180,"column":6},"end":{"line":180,"column":33}},"114":{"start":{"line":183,"column":6},"end":{"line":183,"column":32}},"115":{"start":{"line":184,"column":6},"end":{"line":186,"column":7}},"116":{"start":{"line":185,"column":8},"end":{"line":185,"column":28}},"117":{"start":{"line":189,"column":6},"end":{"line":189,"column":33}},"118":{"start":{"line":190,"column":6},"end":{"line":190,"column":80}},"119":{"start":{"line":191,"column":6},"end":{"line":191,"column":22}},"120":{"start":{"line":194,"column":6},"end":{"line":194,"column":33}},"121":{"start":{"line":195,"column":6},"end":{"line":195,"column":81}},"122":{"start":{"line":196,"column":6},"end":{"line":196,"column":22}},"123":{"start":{"line":199,"column":6},"end":{"line":199,"column":27}},"124":{"start":{"line":200,"column":6},"end":{"line":200,"column":46}},"125":{"start":{"line":201,"column":6},"end":{"line":201,"column":33}},"126":{"start":{"line":202,"column":6},"end":{"line":202,"column":22}},"127":{"start":{"line":203,"column":6},"end":{"line":205,"column":7}},"128":{"start":{"line":204,"column":8},"end":{"line":204,"column":35}},"129":{"start":{"line":209,"column":6},"end":{"line":211,"column":7}},"130":{"start":{"line":210,"column":8},"end":{"line":210,"column":15}},"131":{"start":{"line":212,"column":6},"end":{"line":212,"column":41}},"132":{"start":{"line":213,"column":6},"end":{"line":214,"column":15}},"133":{"start":{"line":214,"column":8},"end":{"line":214,"column":15}},"134":{"start":{"line":215,"column":6},"end":{"line":215,"column":51}},"135":{"start":{"line":216,"column":6},"end":{"line":216,"column":33}},"136":{"start":{"line":220,"column":0},"end":{"line":232,"column":3}},"137":{"start":{"line":221,"column":2},"end":{"line":231,"column":5}},"138":{"start":{"line":233,"column":0},"end":{"line":237,"column":3}},"139":{"start":{"line":234,"column":2},"end":{"line":236,"column":6}},"140":{"start":{"line":235,"column":4},"end":{"line":235,"column":15}},"141":{"start":{"line":238,"column":0},"end":{"line":245,"column":3}},"142":{"start":{"line":239,"column":2},"end":{"line":244,"column":6}},"143":{"start":{"line":243,"column":4},"end":{"line":243,"column":15}},"144":{"start":{"line":246,"column":0},"end":{"line":262,"column":3}},"145":{"start":{"line":247,"column":2},"end":{"line":247,"column":36}},"146":{"start":{"line":248,"column":2},"end":{"line":248,"column":39}},"147":{"start":{"line":249,"column":2},"end":{"line":249,"column":33}},"148":{"start":{"line":250,"column":2},"end":{"line":250,"column":19}},"149":{"start":{"line":251,"column":2},"end":{"line":257,"column":3}},"150":{"start":{"line":252,"column":4},"end":{"line":256,"column":25}},"151":{"start":{"line":258,"column":2},"end":{"line":261,"column":14}},"152":{"start":{"line":263,"column":0},"end":{"line":288,"column":3}},"153":{"start":{"line":264,"column":2},"end":{"line":264,"column":38}},"154":{"start":{"line":265,"column":2},"end":{"line":265,"column":38}},"155":{"start":{"line":266,"column":2},"end":{"line":266,"column":27}},"156":{"start":{"line":267,"column":2},"end":{"line":277,"column":3}},"157":{"start":{"line":268,"column":4},"end":{"line":268,"column":36}},"158":{"start":{"line":269,"column":4},"end":{"line":271,"column":7}},"159":{"start":{"line":270,"column":6},"end":{"line":270,"column":27}},"160":{"start":{"line":272,"column":9},"end":{"line":277,"column":3}},"161":{"start":{"line":273,"column":4},"end":{"line":273,"column":36}},"162":{"start":{"line":274,"column":4},"end":{"line":276,"column":7}},"163":{"start":{"line":275,"column":6},"end":{"line":275,"column":27}},"164":{"start":{"line":278,"column":2},"end":{"line":287,"column":6}},"165":{"start":{"line":282,"column":4},"end":{"line":286,"column":10}},"166":{"start":{"line":289,"column":0},"end":{"line":326,"column":3}},"167":{"start":{"line":290,"column":2},"end":{"line":290,"column":45}},"168":{"start":{"line":291,"column":2},"end":{"line":291,"column":83}},"169":{"start":{"line":292,"column":2},"end":{"line":292,"column":63}},"170":{"start":{"line":293,"column":2},"end":{"line":293,"column":37}},"171":{"start":{"line":294,"column":2},"end":{"line":294,"column":77}},"172":{"start":{"line":295,"column":2},"end":{"line":295,"column":10}},"173":{"start":{"line":296,"column":2},"end":{"line":296,"column":16}},"174":{"start":{"line":297,"column":2},"end":{"line":325,"column":7}},"175":{"start":{"line":298,"column":4},"end":{"line":298,"column":22}},"176":{"start":{"line":300,"column":4},"end":{"line":324,"column":8}},"177":{"start":{"line":301,"column":6},"end":{"line":313,"column":7}},"178":{"start":{"line":302,"column":8},"end":{"line":302,"column":53}},"179":{"start":{"line":303,"column":8},"end":{"line":303,"column":26}},"180":{"start":{"line":304,"column":13},"end":{"line":313,"column":7}},"181":{"start":{"line":305,"column":8},"end":{"line":305,"column":16}},"182":{"start":{"line":306,"column":8},"end":{"line":306,"column":25}},"183":{"start":{"line":308,"column":8},"end":{"line":311,"column":9}},"184":{"start":{"line":309,"column":10},"end":{"line":309,"column":18}},"185":{"start":{"line":310,"column":10},"end":{"line":310,"column":28}},"186":{"start":{"line":312,"column":8},"end":{"line":312,"column":14}},"187":{"start":{"line":314,"column":6},"end":{"line":323,"column":16}},"188":{"start":{"line":327,"column":0},"end":{"line":366,"column":3}},"189":{"start":{"line":329,"column":6},"end":{"line":329,"column":29}},"190":{"start":{"line":332,"column":6},"end":{"line":332,"column":32}},"191":{"start":{"line":335,"column":6},"end":{"line":335,"column":30}},"192":{"start":{"line":339,"column":6},"end":{"line":339,"column":22}},"193":{"start":{"line":340,"column":6},"end":{"line":345,"column":8}},"194":{"start":{"line":341,"column":8},"end":{"line":343,"column":9}},"195":{"start":{"line":342,"column":10},"end":{"line":342,"column":26}},"196":{"start":{"line":344,"column":8},"end":{"line":344,"column":56}},"197":{"start":{"line":348,"column":6},"end":{"line":348,"column":28}},"198":{"start":{"line":353,"column":6},"end":{"line":353,"column":22}},"199":{"start":{"line":354,"column":6},"end":{"line":357,"column":7}},"200":{"start":{"line":355,"column":8},"end":{"line":355,"column":30}},"201":{"start":{"line":356,"column":8},"end":{"line":356,"column":15}},"202":{"start":{"line":358,"column":6},"end":{"line":360,"column":8}},"203":{"start":{"line":359,"column":8},"end":{"line":359,"column":30}},"204":{"start":{"line":363,"column":6},"end":{"line":363,"column":28}},"205":{"start":{"line":368,"column":0},"end":{"line":383,"column":3}},"206":{"start":{"line":369,"column":2},"end":{"line":382,"column":5}},"207":{"start":{"line":371,"column":6},"end":{"line":371,"column":27}},"208":{"start":{"line":374,"column":6},"end":{"line":379,"column":7}},"209":{"start":{"line":375,"column":8},"end":{"line":375,"column":39}},"210":{"start":{"line":376,"column":8},"end":{"line":376,"column":60}},"211":{"start":{"line":378,"column":8},"end":{"line":378,"column":33}},"212":{"start":{"line":380,"column":6},"end":{"line":380,"column":39}},"213":{"start":{"line":384,"column":0},"end":{"line":384,"column":21}},"214":{"start":{"line":386,"column":2},"end":{"line":386,"column":17}}},"branchMap":{"1":{"line":3,"type":"if","locations":[{"start":{"line":3,"column":4},"end":{"line":3,"column":4}},{"start":{"line":3,"column":4},"end":{"line":3,"column":4}}]},"2":{"line":3,"type":"binary-expr","locations":[{"start":{"line":3,"column":8},"end":{"line":3,"column":36}},{"start":{"line":3,"column":40},"end":{"line":3,"column":50}}]},"3":{"line":6,"type":"if","locations":[{"start":{"line":6,"column":11},"end":{"line":6,"column":11}},{"start":{"line":6,"column":11},"end":{"line":6,"column":11}}]},"4":{"line":6,"type":"binary-expr","locations":[{"start":{"line":6,"column":15},"end":{"line":6,"column":41}},{"start":{"line":6,"column":45},"end":{"line":6,"column":59}}]},"5":{"line":30,"type":"binary-expr","locations":[{"start":{"line":30,"column":9},"end":{"line":30,"column":15}},{"start":{"line":30,"column":19},"end":{"line":30,"column":38}}]},"6":{"line":31,"type":"if","locations":[{"start":{"line":31,"column":4},"end":{"line":31,"column":4}},{"start":{"line":31,"column":4},"end":{"line":31,"column":4}}]},"7":{"line":39,"type":"cond-expr","locations":[{"start":{"line":39,"column":44},"end":{"line":39,"column":56}},{"start":{"line":39,"column":59},"end":{"line":39,"column":61}}]},"8":{"line":41,"type":"if","locations":[{"start":{"line":41,"column":2},"end":{"line":41,"column":2}},{"start":{"line":41,"column":2},"end":{"line":41,"column":2}}]},"9":{"line":45,"type":"binary-expr","locations":[{"start":{"line":45,"column":12},"end":{"line":45,"column":25}},{"start":{"line":45,"column":29},"end":{"line":45,"column":37}}]},"10":{"line":48,"type":"binary-expr","locations":[{"start":{"line":48,"column":12},"end":{"line":48,"column":26}},{"start":{"line":48,"column":30},"end":{"line":48,"column":42}}]},"11":{"line":49,"type":"cond-expr","locations":[{"start":{"line":49,"column":45},"end":{"line":49,"column":60}},{"start":{"line":49,"column":63},"end":{"line":49,"column":68}}]},"12":{"line":50,"type":"cond-expr","locations":[{"start":{"line":50,"column":59},"end":{"line":50,"column":81}},{"start":{"line":50,"column":84},"end":{"line":50,"column":88}}]},"13":{"line":51,"type":"cond-expr","locations":[{"start":{"line":51,"column":53},"end":{"line":51,"column":72}},{"start":{"line":51,"column":75},"end":{"line":51,"column":79}}]},"14":{"line":52,"type":"binary-expr","locations":[{"start":{"line":52,"column":9},"end":{"line":52,"column":20}},{"start":{"line":52,"column":24},"end":{"line":52,"column":44}}]},"15":{"line":53,"type":"binary-expr","locations":[{"start":{"line":53,"column":9},"end":{"line":53,"column":20}},{"start":{"line":53,"column":24},"end":{"line":53,"column":57}}]},"16":{"line":54,"type":"binary-expr","locations":[{"start":{"line":54,"column":12},"end":{"line":54,"column":26}},{"start":{"line":54,"column":30},"end":{"line":54,"column":45}}]},"17":{"line":55,"type":"binary-expr","locations":[{"start":{"line":55,"column":10},"end":{"line":55,"column":22}},{"start":{"line":55,"column":26},"end":{"line":55,"column":48}}]},"18":{"line":56,"type":"binary-expr","locations":[{"start":{"line":56,"column":13},"end":{"line":56,"column":28}},{"start":{"line":56,"column":32},"end":{"line":56,"column":38}}]},"19":{"line":57,"type":"binary-expr","locations":[{"start":{"line":57,"column":15},"end":{"line":57,"column":27}},{"start":{"line":57,"column":31},"end":{"line":57,"column":46}}]},"20":{"line":58,"type":"cond-expr","locations":[{"start":{"line":58,"column":61},"end":{"line":58,"column":65}},{"start":{"line":58,"column":68},"end":{"line":58,"column":73}}]},"21":{"line":58,"type":"binary-expr","locations":[{"start":{"line":58,"column":13},"end":{"line":58,"column":40}},{"start":{"line":58,"column":44},"end":{"line":58,"column":58}}]},"22":{"line":64,"type":"if","locations":[{"start":{"line":64,"column":2},"end":{"line":64,"column":2}},{"start":{"line":64,"column":2},"end":{"line":64,"column":2}}]},"23":{"line":71,"type":"if","locations":[{"start":{"line":71,"column":2},"end":{"line":71,"column":2}},{"start":{"line":71,"column":2},"end":{"line":71,"column":2}}]},"24":{"line":72,"type":"if","locations":[{"start":{"line":72,"column":4},"end":{"line":72,"column":4}},{"start":{"line":72,"column":4},"end":{"line":72,"column":4}}]},"25":{"line":75,"type":"binary-expr","locations":[{"start":{"line":75,"column":25},"end":{"line":75,"column":51}},{"start":{"line":75,"column":55},"end":{"line":75,"column":73}}]},"26":{"line":76,"type":"binary-expr","locations":[{"start":{"line":76,"column":27},"end":{"line":76,"column":55}},{"start":{"line":76,"column":59},"end":{"line":76,"column":79}}]},"27":{"line":77,"type":"if","locations":[{"start":{"line":77,"column":4},"end":{"line":77,"column":4}},{"start":{"line":77,"column":4},"end":{"line":77,"column":4}}]},"28":{"line":85,"type":"if","locations":[{"start":{"line":85,"column":6},"end":{"line":85,"column":6}},{"start":{"line":85,"column":6},"end":{"line":85,"column":6}}]},"29":{"line":88,"type":"if","locations":[{"start":{"line":88,"column":6},"end":{"line":88,"column":6}},{"start":{"line":88,"column":6},"end":{"line":88,"column":6}}]},"30":{"line":111,"type":"if","locations":[{"start":{"line":111,"column":8},"end":{"line":111,"column":8}},{"start":{"line":111,"column":8},"end":{"line":111,"column":8}}]},"31":{"line":115,"type":"if","locations":[{"start":{"line":115,"column":10},"end":{"line":115,"column":10}},{"start":{"line":115,"column":10},"end":{"line":115,"column":10}}]},"32":{"line":121,"type":"if","locations":[{"start":{"line":121,"column":12},"end":{"line":121,"column":12}},{"start":{"line":121,"column":12},"end":{"line":121,"column":12}}]},"33":{"line":130,"type":"switch","locations":[{"start":{"line":131,"column":12},"end":{"line":132,"column":28}}]},"34":{"line":139,"type":"switch","locations":[{"start":{"line":140,"column":6},"end":{"line":141,"column":22}}]},"35":{"line":149,"type":"if","locations":[{"start":{"line":149,"column":6},"end":{"line":149,"column":6}},{"start":{"line":149,"column":6},"end":{"line":149,"column":6}}]},"36":{"line":153,"type":"if","locations":[{"start":{"line":153,"column":6},"end":{"line":153,"column":6}},{"start":{"line":153,"column":6},"end":{"line":153,"column":6}}]},"37":{"line":161,"type":"if","locations":[{"start":{"line":161,"column":6},"end":{"line":161,"column":6}},{"start":{"line":161,"column":6},"end":{"line":161,"column":6}}]},"38":{"line":165,"type":"if","locations":[{"start":{"line":165,"column":8},"end":{"line":165,"column":8}},{"start":{"line":165,"column":8},"end":{"line":165,"column":8}}]},"39":{"line":173,"type":"if","locations":[{"start":{"line":173,"column":6},"end":{"line":173,"column":6}},{"start":{"line":173,"column":6},"end":{"line":173,"column":6}}]},"40":{"line":176,"type":"binary-expr","locations":[{"start":{"line":176,"column":17},"end":{"line":176,"column":34}},{"start":{"line":176,"column":38},"end":{"line":176,"column":48}}]},"41":{"line":177,"type":"if","locations":[{"start":{"line":177,"column":6},"end":{"line":177,"column":6}},{"start":{"line":177,"column":6},"end":{"line":177,"column":6}}]},"42":{"line":184,"type":"if","locations":[{"start":{"line":184,"column":6},"end":{"line":184,"column":6}},{"start":{"line":184,"column":6},"end":{"line":184,"column":6}}]},"43":{"line":184,"type":"binary-expr","locations":[{"start":{"line":184,"column":10},"end":{"line":184,"column":20}},{"start":{"line":184,"column":24},"end":{"line":184,"column":41}}]},"44":{"line":203,"type":"if","locations":[{"start":{"line":203,"column":6},"end":{"line":203,"column":6}},{"start":{"line":203,"column":6},"end":{"line":203,"column":6}}]},"45":{"line":209,"type":"if","locations":[{"start":{"line":209,"column":6},"end":{"line":209,"column":6}},{"start":{"line":209,"column":6},"end":{"line":209,"column":6}}]},"46":{"line":212,"type":"binary-expr","locations":[{"start":{"line":212,"column":16},"end":{"line":212,"column":25}},{"start":{"line":212,"column":29},"end":{"line":212,"column":40}}]},"47":{"line":213,"type":"if","locations":[{"start":{"line":213,"column":6},"end":{"line":213,"column":6}},{"start":{"line":213,"column":6},"end":{"line":213,"column":6}}]},"48":{"line":213,"type":"binary-expr","locations":[{"start":{"line":213,"column":10},"end":{"line":213,"column":20}},{"start":{"line":213,"column":24},"end":{"line":213,"column":34}}]},"49":{"line":222,"type":"cond-expr","locations":[{"start":{"line":222,"column":26},"end":{"line":222,"column":28}},{"start":{"line":222,"column":31},"end":{"line":222,"column":61}}]},"50":{"line":267,"type":"if","locations":[{"start":{"line":267,"column":2},"end":{"line":267,"column":2}},{"start":{"line":267,"column":2},"end":{"line":267,"column":2}}]},"51":{"line":272,"type":"if","locations":[{"start":{"line":272,"column":9},"end":{"line":272,"column":9}},{"start":{"line":272,"column":9},"end":{"line":272,"column":9}}]},"52":{"line":301,"type":"if","locations":[{"start":{"line":301,"column":6},"end":{"line":301,"column":6}},{"start":{"line":301,"column":6},"end":{"line":301,"column":6}}]},"53":{"line":301,"type":"binary-expr","locations":[{"start":{"line":301,"column":10},"end":{"line":301,"column":25}},{"start":{"line":301,"column":29},"end":{"line":301,"column":38}}]},"54":{"line":304,"type":"if","locations":[{"start":{"line":304,"column":13},"end":{"line":304,"column":13}},{"start":{"line":304,"column":13},"end":{"line":304,"column":13}}]},"55":{"line":304,"type":"binary-expr","locations":[{"start":{"line":304,"column":17},"end":{"line":304,"column":37}},{"start":{"line":304,"column":41},"end":{"line":304,"column":50}}]},"56":{"line":308,"type":"if","locations":[{"start":{"line":308,"column":8},"end":{"line":308,"column":8}},{"start":{"line":308,"column":8},"end":{"line":308,"column":8}}]},"57":{"line":317,"type":"cond-expr","locations":[{"start":{"line":317,"column":27},"end":{"line":317,"column":35}},{"start":{"line":317,"column":38},"end":{"line":317,"column":44}}]},"58":{"line":319,"type":"cond-expr","locations":[{"start":{"line":319,"column":29},"end":{"line":319,"column":44}},{"start":{"line":319,"column":47},"end":{"line":319,"column":51}}]},"59":{"line":320,"type":"cond-expr","locations":[{"start":{"line":320,"column":26},"end":{"line":320,"column":34}},{"start":{"line":320,"column":37},"end":{"line":320,"column":41}}]},"60":{"line":321,"type":"cond-expr","locations":[{"start":{"line":321,"column":31},"end":{"line":321,"column":56}},{"start":{"line":321,"column":59},"end":{"line":321,"column":63}}]},"61":{"line":321,"type":"binary-expr","locations":[{"start":{"line":321,"column":31},"end":{"line":321,"column":48}},{"start":{"line":321,"column":52},"end":{"line":321,"column":56}}]},"62":{"line":341,"type":"if","locations":[{"start":{"line":341,"column":8},"end":{"line":341,"column":8}},{"start":{"line":341,"column":8},"end":{"line":341,"column":8}}]},"63":{"line":344,"type":"cond-expr","locations":[{"start":{"line":344,"column":27},"end":{"line":344,"column":32}},{"start":{"line":344,"column":35},"end":{"line":344,"column":55}}]},"64":{"line":354,"type":"if","locations":[{"start":{"line":354,"column":6},"end":{"line":354,"column":6}},{"start":{"line":354,"column":6},"end":{"line":354,"column":6}}]},"65":{"line":374,"type":"if","locations":[{"start":{"line":374,"column":6},"end":{"line":374,"column":6}},{"start":{"line":374,"column":6},"end":{"line":374,"column":6}}]},"66":{"line":376,"type":"cond-expr","locations":[{"start":{"line":376,"column":35},"end":{"line":376,"column":43}},{"start":{"line":376,"column":46},"end":{"line":376,"column":59}}]}}},"/Users/soyuka/dpicker/dist/dpicker.arrow-navigation.js":{"path":"/Users/soyuka/dpicker/dist/dpicker.arrow-navigation.js","s":{"1":1,"2":1,"3":0,"4":1,"5":1,"6":0,"7":1,"8":5,"9":29,"10":1,"11":3,"12":3,"13":1,"14":2,"15":2,"16":2,"17":1,"18":1,"19":1,"20":1,"21":3,"22":3,"23":1,"24":2,"25":2,"26":2,"27":1,"28":1,"29":1,"30":5,"31":5,"32":5,"33":5,"34":5,"35":2,"36":3,"37":3,"38":7,"39":3,"40":4,"41":1,"42":2,"43":1,"44":3,"45":1,"46":14,"47":14,"48":3,"49":11,"50":11,"51":11,"52":11,"53":3,"54":3,"55":2,"56":3,"57":1,"58":0,"59":1,"60":1},"b":{"1":[0,1],"2":[1,0],"3":[1,0],"4":[1,1],"5":[1,2],"6":[3,2],"7":[2,0],"8":[1,1],"9":[1,2],"10":[3,2],"11":[1,1],"12":[1,1],"13":[2,3],"14":[4,1],"15":[2,3],"16":[5,4],"17":[1,2],"18":[3,4],"19":[14,14],"20":[3,11],"21":[14,13],"22":[3,3,2,3],"23":[0,1]},"f":{"1":1,"2":1,"3":5,"4":29,"5":3,"6":3,"7":5,"8":2,"9":3,"10":14},"fnMap":{"1":{"name":"(anonymous_1)","line":2,"loc":{"start":{"line":2,"column":1},"end":{"line":2,"column":26}}},"2":{"name":"(anonymous_2)","line":13,"loc":{"start":{"line":13,"column":8},"end":{"line":13,"column":35}}},"3":{"name":"positionInParent","line":15,"loc":{"start":{"line":15,"column":0},"end":{"line":15,"column":36}}},"4":{"name":"(anonymous_4)","line":16,"loc":{"start":{"line":16,"column":57},"end":{"line":16,"column":69}}},"5":{"name":"left","line":20,"loc":{"start":{"line":20,"column":0},"end":{"line":20,"column":25}}},"6":{"name":"right","line":33,"loc":{"start":{"line":33,"column":0},"end":{"line":33,"column":26}}},"7":{"name":"upOrDown","line":45,"loc":{"start":{"line":45,"column":0},"end":{"line":45,"column":40}}},"8":{"name":"up","line":61,"loc":{"start":{"line":61,"column":0},"end":{"line":61,"column":23}}},"9":{"name":"down","line":64,"loc":{"start":{"line":64,"column":0},"end":{"line":64,"column":25}}},"10":{"name":"DayKeyDown","line":67,"loc":{"start":{"line":67,"column":0},"end":{"line":67,"column":25}}}},"statementMap":{"1":{"start":{"line":2,"column":0},"end":{"line":100,"column":4}},"2":{"start":{"line":3,"column":4},"end":{"line":12,"column":5}},"3":{"start":{"line":5,"column":8},"end":{"line":5,"column":82}},"4":{"start":{"line":6,"column":11},"end":{"line":12,"column":5}},"5":{"start":{"line":8,"column":8},"end":{"line":8,"column":72}},"6":{"start":{"line":11,"column":8},"end":{"line":11,"column":82}},"7":{"start":{"line":15,"column":0},"end":{"line":19,"column":1}},"8":{"start":{"line":16,"column":2},"end":{"line":18,"column":5}},"9":{"start":{"line":17,"column":4},"end":{"line":17,"column":26}},"10":{"start":{"line":20,"column":0},"end":{"line":32,"column":1}},"11":{"start":{"line":21,"column":2},"end":{"line":21,"column":43}},"12":{"start":{"line":22,"column":2},"end":{"line":24,"column":3}},"13":{"start":{"line":23,"column":4},"end":{"line":23,"column":52}},"14":{"start":{"line":25,"column":2},"end":{"line":25,"column":50}},"15":{"start":{"line":26,"column":2},"end":{"line":26,"column":78}},"16":{"start":{"line":27,"column":2},"end":{"line":29,"column":3}},"17":{"start":{"line":28,"column":4},"end":{"line":28,"column":28}},"18":{"start":{"line":30,"column":2},"end":{"line":30,"column":88}},"19":{"start":{"line":31,"column":2},"end":{"line":31,"column":63}},"20":{"start":{"line":33,"column":0},"end":{"line":44,"column":1}},"21":{"start":{"line":34,"column":2},"end":{"line":34,"column":35}},"22":{"start":{"line":35,"column":2},"end":{"line":37,"column":3}},"23":{"start":{"line":36,"column":4},"end":{"line":36,"column":48}},"24":{"start":{"line":38,"column":2},"end":{"line":38,"column":42}},"25":{"start":{"line":39,"column":2},"end":{"line":39,"column":67}},"26":{"start":{"line":40,"column":2},"end":{"line":42,"column":3}},"27":{"start":{"line":41,"column":4},"end":{"line":41,"column":24}},"28":{"start":{"line":43,"column":2},"end":{"line":43,"column":139}},"29":{"start":{"line":45,"column":0},"end":{"line":60,"column":1}},"30":{"start":{"line":46,"column":2},"end":{"line":46,"column":38}},"31":{"start":{"line":47,"column":2},"end":{"line":47,"column":78}},"32":{"start":{"line":48,"column":2},"end":{"line":48,"column":46}},"33":{"start":{"line":49,"column":2},"end":{"line":49,"column":77}},"34":{"start":{"line":50,"column":2},"end":{"line":52,"column":3}},"35":{"start":{"line":51,"column":4},"end":{"line":51,"column":58}},"36":{"start":{"line":53,"column":2},"end":{"line":53,"column":101}},"37":{"start":{"line":54,"column":2},"end":{"line":59,"column":3}},"38":{"start":{"line":55,"column":4},"end":{"line":57,"column":5}},"39":{"start":{"line":56,"column":6},"end":{"line":56,"column":76}},"40":{"start":{"line":58,"column":4},"end":{"line":58,"column":39}},"41":{"start":{"line":61,"column":0},"end":{"line":63,"column":1}},"42":{"start":{"line":62,"column":2},"end":{"line":62,"column":35}},"43":{"start":{"line":64,"column":0},"end":{"line":66,"column":1}},"44":{"start":{"line":65,"column":2},"end":{"line":65,"column":37}},"45":{"start":{"line":67,"column":0},"end":{"line":93,"column":1}},"46":{"start":{"line":68,"column":2},"end":{"line":68,"column":37}},"47":{"start":{"line":69,"column":2},"end":{"line":71,"column":3}},"48":{"start":{"line":70,"column":4},"end":{"line":70,"column":11}},"49":{"start":{"line":72,"column":2},"end":{"line":72,"column":23}},"50":{"start":{"line":73,"column":2},"end":{"line":73,"column":33}},"51":{"start":{"line":74,"column":2},"end":{"line":74,"column":39}},"52":{"start":{"line":75,"column":2},"end":{"line":92,"column":3}},"53":{"start":{"line":78,"column":8},"end":{"line":78,"column":31}},"54":{"start":{"line":82,"column":8},"end":{"line":82,"column":32}},"55":{"start":{"line":86,"column":8},"end":{"line":86,"column":29}},"56":{"start":{"line":90,"column":8},"end":{"line":90,"column":31}},"57":{"start":{"line":94,"column":0},"end":{"line":96,"column":1}},"58":{"start":{"line":95,"column":2},"end":{"line":95,"column":77}},"59":{"start":{"line":97,"column":0},"end":{"line":97,"column":81}},"60":{"start":{"line":99,"column":2},"end":{"line":99,"column":25}}},"branchMap":{"1":{"line":3,"type":"if","locations":[{"start":{"line":3,"column":4},"end":{"line":3,"column":4}},{"start":{"line":3,"column":4},"end":{"line":3,"column":4}}]},"2":{"line":3,"type":"binary-expr","locations":[{"start":{"line":3,"column":8},"end":{"line":3,"column":36}},{"start":{"line":3,"column":40},"end":{"line":3,"column":50}}]},"3":{"line":6,"type":"if","locations":[{"start":{"line":6,"column":11},"end":{"line":6,"column":11}},{"start":{"line":6,"column":11},"end":{"line":6,"column":11}}]},"4":{"line":6,"type":"binary-expr","locations":[{"start":{"line":6,"column":15},"end":{"line":6,"column":41}},{"start":{"line":6,"column":45},"end":{"line":6,"column":59}}]},"5":{"line":22,"type":"if","locations":[{"start":{"line":22,"column":2},"end":{"line":22,"column":2}},{"start":{"line":22,"column":2},"end":{"line":22,"column":2}}]},"6":{"line":22,"type":"binary-expr","locations":[{"start":{"line":22,"column":6},"end":{"line":22,"column":14}},{"start":{"line":22,"column":18},"end":{"line":22,"column":50}}]},"7":{"line":26,"type":"cond-expr","locations":[{"start":{"line":26,"column":24},"end":{"line":26,"column":70}},{"start":{"line":26,"column":73},"end":{"line":26,"column":77}}]},"8":{"line":27,"type":"if","locations":[{"start":{"line":27,"column":2},"end":{"line":27,"column":2}},{"start":{"line":27,"column":2},"end":{"line":27,"column":2}}]},"9":{"line":35,"type":"if","locations":[{"start":{"line":35,"column":2},"end":{"line":35,"column":2}},{"start":{"line":35,"column":2},"end":{"line":35,"column":2}}]},"10":{"line":35,"type":"binary-expr","locations":[{"start":{"line":35,"column":6},"end":{"line":35,"column":10}},{"start":{"line":35,"column":14},"end":{"line":35,"column":42}}]},"11":{"line":39,"type":"cond-expr","locations":[{"start":{"line":39,"column":16},"end":{"line":39,"column":59}},{"start":{"line":39,"column":62},"end":{"line":39,"column":66}}]},"12":{"line":40,"type":"if","locations":[{"start":{"line":40,"column":2},"end":{"line":40,"column":2}},{"start":{"line":40,"column":2},"end":{"line":40,"column":2}}]},"13":{"line":47,"type":"cond-expr","locations":[{"start":{"line":47,"column":38},"end":{"line":47,"column":48}},{"start":{"line":47,"column":51},"end":{"line":47,"column":57}}]},"14":{"line":49,"type":"cond-expr","locations":[{"start":{"line":49,"column":36},"end":{"line":49,"column":69}},{"start":{"line":49,"column":72},"end":{"line":49,"column":76}}]},"15":{"line":50,"type":"if","locations":[{"start":{"line":50,"column":2},"end":{"line":50,"column":2}},{"start":{"line":50,"column":2},"end":{"line":50,"column":2}}]},"16":{"line":50,"type":"binary-expr","locations":[{"start":{"line":50,"column":6},"end":{"line":50,"column":20}},{"start":{"line":50,"column":24},"end":{"line":50,"column":75}}]},"17":{"line":53,"type":"cond-expr","locations":[{"start":{"line":53,"column":70},"end":{"line":53,"column":82}},{"start":{"line":53,"column":85},"end":{"line":53,"column":98}}]},"18":{"line":55,"type":"if","locations":[{"start":{"line":55,"column":4},"end":{"line":55,"column":4}},{"start":{"line":55,"column":4},"end":{"line":55,"column":4}}]},"19":{"line":68,"type":"binary-expr","locations":[{"start":{"line":68,"column":12},"end":{"line":68,"column":21}},{"start":{"line":68,"column":25},"end":{"line":68,"column":36}}]},"20":{"line":69,"type":"if","locations":[{"start":{"line":69,"column":2},"end":{"line":69,"column":2}},{"start":{"line":69,"column":2},"end":{"line":69,"column":2}}]},"21":{"line":69,"type":"binary-expr","locations":[{"start":{"line":69,"column":6},"end":{"line":69,"column":14}},{"start":{"line":69,"column":18},"end":{"line":69,"column":26}}]},"22":{"line":75,"type":"switch","locations":[{"start":{"line":76,"column":4},"end":{"line":79,"column":7}},{"start":{"line":80,"column":4},"end":{"line":83,"column":7}},{"start":{"line":84,"column":4},"end":{"line":87,"column":7}},{"start":{"line":88,"column":4},"end":{"line":91,"column":7}}]},"23":{"line":94,"type":"if","locations":[{"start":{"line":94,"column":0},"end":{"line":94,"column":0}},{"start":{"line":94,"column":0},"end":{"line":94,"column":0}}]}}},"/Users/soyuka/dpicker/dist/dpicker.modifiers.js":{"path":"/Users/soyuka/dpicker/dist/dpicker.modifiers.js","s":{"1":1,"2":1,"3":0,"4":1,"5":1,"6":0,"7":1,"8":0,"9":1,"10":11,"11":11,"12":11,"13":6,"14":5,"15":2,"16":1,"17":2,"18":5,"19":1,"20":1},"b":{"1":[0,1],"2":[1,0],"3":[1,0],"4":[1,1],"5":[0,1],"6":[11,4],"7":[6,5],"8":[11,9],"9":[2,3],"10":[1,1]},"f":{"1":1,"2":1,"3":11},"fnMap":{"1":{"name":"(anonymous_1)","line":2,"loc":{"start":{"line":2,"column":1},"end":{"line":2,"column":26}}},"2":{"name":"(anonymous_2)","line":13,"loc":{"start":{"line":13,"column":8},"end":{"line":13,"column":35}}},"3":{"name":"InputChange","line":18,"loc":{"start":{"line":18,"column":0},"end":{"line":18,"column":26}}}},"statementMap":{"1":{"start":{"line":2,"column":0},"end":{"line":35,"column":4}},"2":{"start":{"line":3,"column":4},"end":{"line":12,"column":5}},"3":{"start":{"line":5,"column":8},"end":{"line":5,"column":76}},"4":{"start":{"line":6,"column":11},"end":{"line":12,"column":5}},"5":{"start":{"line":8,"column":8},"end":{"line":8,"column":72}},"6":{"start":{"line":11,"column":8},"end":{"line":11,"column":76}},"7":{"start":{"line":15,"column":0},"end":{"line":17,"column":1}},"8":{"start":{"line":16,"column":2},"end":{"line":16,"column":77}},"9":{"start":{"line":18,"column":0},"end":{"line":31,"column":1}},"10":{"start":{"line":19,"column":2},"end":{"line":19,"column":41}},"11":{"start":{"line":20,"column":2},"end":{"line":20,"column":41}},"12":{"start":{"line":21,"column":2},"end":{"line":23,"column":3}},"13":{"start":{"line":22,"column":4},"end":{"line":22,"column":11}},"14":{"start":{"line":24,"column":2},"end":{"line":29,"column":3}},"15":{"start":{"line":25,"column":4},"end":{"line":27,"column":5}},"16":{"start":{"line":26,"column":6},"end":{"line":26,"column":12}},"17":{"start":{"line":28,"column":4},"end":{"line":28,"column":11}},"18":{"start":{"line":30,"column":2},"end":{"line":30,"column":39}},"19":{"start":{"line":32,"column":0},"end":{"line":32,"column":71}},"20":{"start":{"line":34,"column":2},"end":{"line":34,"column":19}}},"branchMap":{"1":{"line":3,"type":"if","locations":[{"start":{"line":3,"column":4},"end":{"line":3,"column":4}},{"start":{"line":3,"column":4},"end":{"line":3,"column":4}}]},"2":{"line":3,"type":"binary-expr","locations":[{"start":{"line":3,"column":8},"end":{"line":3,"column":36}},{"start":{"line":3,"column":40},"end":{"line":3,"column":50}}]},"3":{"line":6,"type":"if","locations":[{"start":{"line":6,"column":11},"end":{"line":6,"column":11}},{"start":{"line":6,"column":11},"end":{"line":6,"column":11}}]},"4":{"line":6,"type":"binary-expr","locations":[{"start":{"line":6,"column":15},"end":{"line":6,"column":41}},{"start":{"line":6,"column":45},"end":{"line":6,"column":59}}]},"5":{"line":15,"type":"if","locations":[{"start":{"line":15,"column":0},"end":{"line":15,"column":0}},{"start":{"line":15,"column":0},"end":{"line":15,"column":0}}]},"6":{"line":20,"type":"binary-expr","locations":[{"start":{"line":20,"column":10},"end":{"line":20,"column":35}},{"start":{"line":20,"column":39},"end":{"line":20,"column":40}}]},"7":{"line":21,"type":"if","locations":[{"start":{"line":21,"column":2},"end":{"line":21,"column":2}},{"start":{"line":21,"column":2},"end":{"line":21,"column":2}}]},"8":{"line":21,"type":"binary-expr","locations":[{"start":{"line":21,"column":6},"end":{"line":21,"column":19}},{"start":{"line":21,"column":23},"end":{"line":21,"column":36}}]},"9":{"line":24,"type":"if","locations":[{"start":{"line":24,"column":2},"end":{"line":24,"column":2}},{"start":{"line":24,"column":2},"end":{"line":24,"column":2}}]},"10":{"line":25,"type":"if","locations":[{"start":{"line":25,"column":4},"end":{"line":25,"column":4}},{"start":{"line":25,"column":4},"end":{"line":25,"column":4}}]}}}}