TN:
SF:/Users/soyuka/dpicker/dist/dpicker.js
FN:2,(anonymous_1)
FN:13,(anonymous_2)
FN:16,noop
FN:17,injector
FN:18,(anonymous_5)
FN:19,(anonymous_6)
FN:24,uuid
FN:25,(anonymous_8)
FN:29,isElementInContainer
FN:38,DPicker
FN:81,(anonymous_11)
FN:107,loadModules
FN:110,(anonymous_13)
FN:114,(anonymous_14)
FN:120,(anonymous_15)
FN:145,loadEvents
FN:148,(anonymous_17)
FN:159,(anonymous_18)
FN:172,(anonymous_19)
FN:182,(anonymous_20)
FN:188,(anonymous_21)
FN:193,(anonymous_22)
FN:198,(anonymous_23)
FN:207,(anonymous_24)
FN:208,(anonymous_25)
FN:220,renderInput
FN:233,renderInput
FN:234,(anonymous_28)
FN:238,render
FN:242,(anonymous_30)
FN:246,renderYears
FN:263,renderMonths
FN:269,(anonymous_33)
FN:274,(anonymous_34)
FN:281,(anonymous_35)
FN:289,renderDays
FN:297,(anonymous_37)
FN:299,(anonymous_38)
FN:300,(anonymous_39)
FN:328,(anonymous_40)
FN:331,(anonymous_41)
FN:334,(anonymous_42)
FN:338,(anonymous_43)
FN:340,(anonymous_44)
FN:347,(anonymous_45)
FN:352,(anonymous_46)
FN:358,(anonymous_47)
FN:362,(anonymous_48)
FN:368,(anonymous_49)
FN:370,(anonymous_50)
FN:373,(anonymous_51)
FNF:51
FNH:50
FNDA:1,(anonymous_1)
FNDA:1,(anonymous_2)
FNDA:0,noop
FNDA:6,injector
FNDA:227,(anonymous_5)
FNDA:358,(anonymous_6)
FNDA:51,uuid
FNDA:1581,(anonymous_8)
FNDA:8,isElementInContainer
FNDA:37,DPicker
FNDA:8,(anonymous_11)
FNDA:26,loadModules
FNDA:51,(anonymous_13)
FNDA:51,(anonymous_14)
FNDA:25,(anonymous_15)
FNDA:26,loadEvents
FNDA:52,(anonymous_17)
FNDA:11,(anonymous_18)
FNDA:4,(anonymous_19)
FNDA:6,(anonymous_20)
FNDA:1,(anonymous_21)
FNDA:1,(anonymous_22)
FNDA:2,(anonymous_23)
FNDA:14,(anonymous_24)
FNDA:16,(anonymous_25)
FNDA:64,renderInput
FNDA:61,renderInput
FNDA:168,(anonymous_28)
FNDA:41,render
FNDA:123,(anonymous_30)
FNDA:64,renderYears
FNDA:64,renderMonths
FNDA:12,(anonymous_33)
FNDA:12,(anonymous_34)
FNDA:762,(anonymous_35)
FNDA:64,renderDays
FNDA:448,(anonymous_37)
FNDA:378,(anonymous_38)
FNDA:2646,(anonymous_39)
FNDA:2,(anonymous_40)
FNDA:4,(anonymous_41)
FNDA:1,(anonymous_42)
FNDA:26,(anonymous_43)
FNDA:15,(anonymous_44)
FNDA:15,(anonymous_45)
FNDA:26,(anonymous_46)
FNDA:1,(anonymous_47)
FNDA:16,(anonymous_48)
FNDA:8,(anonymous_49)
FNDA:39,(anonymous_50)
FNDA:13,(anonymous_51)
DA:2,1
DA:3,1
DA:5,0
DA:6,1
DA:8,1
DA:11,0
DA:15,1
DA:16,1
DA:17,1
DA:18,6
DA:19,227
DA:20,358
DA:24,1
DA:25,51
DA:26,1581
DA:29,1
DA:30,8
DA:31,23
DA:32,3
DA:34,20
DA:36,5
DA:38,1
DA:39,37
DA:40,37
DA:41,37
DA:42,11
DA:44,26
DA:45,26
DA:46,26
DA:60,26
DA:61,26
DA:62,26
DA:63,26
DA:64,26
DA:65,26
DA:67,26
DA:68,26
DA:69,26
DA:70,26
DA:71,26
DA:72,3
DA:73,1
DA:75,2
DA:76,2
DA:77,2
DA:78,1
DA:81,2
DA:82,8
DA:83,8
DA:84,8
DA:85,8
DA:86,4
DA:88,4
DA:89,3
DA:91,1
DA:94,2
DA:95,2
DA:96,2
DA:97,2
DA:99,23
DA:100,23
DA:102,25
DA:103,25
DA:104,25
DA:105,25
DA:107,1
DA:108,26
DA:109,26
DA:111,51
DA:112,0
DA:114,51
DA:115,51
DA:116,0
DA:118,51
DA:119,51
DA:120,51
DA:121,25
DA:122,25
DA:124,25
DA:128,51
DA:129,51
DA:130,51
DA:132,0
DA:137,26
DA:138,51
DA:139,51
DA:141,0
DA:145,1
DA:146,26
DA:147,26
DA:149,52
DA:150,47
DA:152,5
DA:153,5
DA:154,2
DA:156,3
DA:157,3
DA:160,11
DA:161,11
DA:162,1
DA:164,10
DA:165,10
DA:166,5
DA:168,10
DA:170,11
DA:173,4
DA:174,1
DA:176,3
DA:177,3
DA:178,1
DA:180,2
DA:183,6
DA:184,6
DA:185,4
DA:189,1
DA:190,1
DA:191,1
DA:194,1
DA:195,1
DA:196,1
DA:199,2
DA:200,2
DA:201,2
DA:202,2
DA:203,2
DA:204,1
DA:209,16
DA:210,2
DA:212,14
DA:213,14
DA:214,12
DA:215,2
DA:216,2
DA:220,1
DA:221,64
DA:233,1
DA:234,61
DA:235,168
DA:238,1
DA:239,41
DA:243,123
DA:246,1
DA:247,64
DA:248,64
DA:249,64
DA:250,64
DA:251,64
DA:252,2199
DA:258,64
DA:263,1
DA:264,64
DA:265,64
DA:266,64
DA:267,64
DA:268,1
DA:269,1
DA:270,12
DA:272,63
DA:273,1
DA:274,1
DA:275,12
DA:278,64
DA:282,762
DA:289,1
DA:290,64
DA:291,64
DA:292,64
DA:293,64
DA:294,64
DA:295,64
DA:296,64
DA:297,64
DA:298,448
DA:300,378
DA:301,2646
DA:302,313
DA:303,313
DA:304,2333
DA:305,64
DA:306,64
DA:308,2269
DA:309,63
DA:310,63
DA:312,2269
DA:314,2646
DA:327,1
DA:329,2
DA:332,4
DA:335,1
DA:339,26
DA:340,26
DA:341,15
DA:342,1
DA:344,15
DA:348,15
DA:353,26
DA:354,26
DA:355,25
DA:356,25
DA:358,1
DA:359,1
DA:363,16
DA:368,1
DA:369,8
DA:371,39
DA:374,13
DA:375,8
DA:376,8
DA:378,5
DA:380,13
DA:384,1
DA:386,1
LF:212
LH:206
BRDA:3,1,0,0
BRDA:3,1,1,1
BRDA:3,2,0,1
BRDA:3,2,1,0
BRDA:6,3,0,1
BRDA:6,3,1,0
BRDA:6,4,0,1
BRDA:6,4,1,1
BRDA:30,5,0,28
BRDA:30,5,1,26
BRDA:31,6,0,3
BRDA:31,6,1,20
BRDA:39,7,0,26
BRDA:39,7,1,11
BRDA:41,8,0,11
BRDA:41,8,1,26
BRDA:45,9,0,26
BRDA:45,9,1,21
BRDA:48,10,0,26
BRDA:48,10,1,25
BRDA:49,11,0,2
BRDA:49,11,1,24
BRDA:50,12,0,1
BRDA:50,12,1,25
BRDA:51,13,0,1
BRDA:51,13,1,25
BRDA:52,14,0,26
BRDA:52,14,1,24
BRDA:53,15,0,26
BRDA:53,15,1,25
BRDA:54,16,0,26
BRDA:54,16,1,26
BRDA:55,17,0,26
BRDA:55,17,1,26
BRDA:56,18,0,26
BRDA:56,18,1,25
BRDA:57,19,0,26
BRDA:57,19,1,26
BRDA:58,20,0,3
BRDA:58,20,1,23
BRDA:58,21,0,26
BRDA:58,21,1,8
BRDA:64,22,0,26
BRDA:64,22,1,0
BRDA:71,23,0,3
BRDA:71,23,1,23
BRDA:72,24,0,1
BRDA:72,24,1,2
BRDA:75,25,0,2
BRDA:75,25,1,1
BRDA:76,26,0,2
BRDA:76,26,1,2
BRDA:77,27,0,1
BRDA:77,27,1,1
BRDA:85,28,0,4
BRDA:85,28,1,4
BRDA:88,29,0,3
BRDA:88,29,1,1
BRDA:111,30,0,0
BRDA:111,30,1,51
BRDA:115,31,0,0
BRDA:115,31,1,51
BRDA:121,32,0,25
BRDA:121,32,1,0
BRDA:130,33,0,0
BRDA:139,34,0,0
BRDA:149,35,0,47
BRDA:149,35,1,5
BRDA:153,36,0,2
BRDA:153,36,1,3
BRDA:161,37,0,1
BRDA:161,37,1,10
BRDA:165,38,0,5
BRDA:165,38,1,5
BRDA:173,39,0,1
BRDA:173,39,1,3
BRDA:176,40,0,3
BRDA:176,40,1,0
BRDA:177,41,0,1
BRDA:177,41,1,2
BRDA:184,42,0,4
BRDA:184,42,1,2
BRDA:184,43,0,6
BRDA:184,43,1,4
BRDA:203,44,0,1
BRDA:203,44,1,1
BRDA:209,45,0,2
BRDA:209,45,1,14
BRDA:212,46,0,14
BRDA:212,46,1,14
BRDA:213,47,0,12
BRDA:213,47,1,2
BRDA:213,48,0,14
BRDA:213,48,1,13
BRDA:222,49,0,3
BRDA:222,49,1,61
BRDA:267,50,0,1
BRDA:267,50,1,63
BRDA:272,51,0,1
BRDA:272,51,1,62
BRDA:301,52,0,313
BRDA:301,52,1,2333
BRDA:301,53,0,2646
BRDA:301,53,1,1870
BRDA:304,54,0,64
BRDA:304,54,1,2269
BRDA:304,55,0,2333
BRDA:304,55,1,378
BRDA:308,56,0,63
BRDA:308,56,1,2206
BRDA:317,57,0,1970
BRDA:317,57,1,676
BRDA:319,58,0,1970
BRDA:319,58,1,676
BRDA:320,59,0,1970
BRDA:320,59,1,676
BRDA:321,60,0,1970
BRDA:321,60,1,676
BRDA:321,61,0,1970
BRDA:321,61,1,0
BRDA:341,62,0,1
BRDA:341,62,1,14
BRDA:344,63,0,11
BRDA:344,63,1,4
BRDA:354,64,0,25
BRDA:354,64,1,1
BRDA:374,65,0,8
BRDA:374,65,1,5
BRDA:376,66,0,7
BRDA:376,66,1,1
BRF:130
BRH:119
end_of_record
TN:
SF:/Users/soyuka/dpicker/dist/dpicker.arrow-navigation.js
FN:2,(anonymous_1)
FN:13,(anonymous_2)
FN:15,positionInParent
FN:16,(anonymous_4)
FN:20,left
FN:33,right
FN:45,upOrDown
FN:61,up
FN:64,down
FN:67,DayKeyDown
FNF:10
FNH:10
FNDA:1,(anonymous_1)
FNDA:1,(anonymous_2)
FNDA:5,positionInParent
FNDA:29,(anonymous_4)
FNDA:3,left
FNDA:3,right
FNDA:5,upOrDown
FNDA:2,up
FNDA:3,down
FNDA:14,DayKeyDown
DA:2,1
DA:3,1
DA:5,0
DA:6,1
DA:8,1
DA:11,0
DA:15,1
DA:16,5
DA:17,29
DA:20,1
DA:21,3
DA:22,3
DA:23,1
DA:25,2
DA:26,2
DA:27,2
DA:28,1
DA:30,1
DA:31,1
DA:33,1
DA:34,3
DA:35,3
DA:36,1
DA:38,2
DA:39,2
DA:40,2
DA:41,1
DA:43,1
DA:45,1
DA:46,5
DA:47,5
DA:48,5
DA:49,5
DA:50,5
DA:51,2
DA:53,3
DA:54,3
DA:55,7
DA:56,3
DA:58,4
DA:61,1
DA:62,2
DA:64,1
DA:65,3
DA:67,1
DA:68,14
DA:69,14
DA:70,3
DA:72,11
DA:73,11
DA:74,11
DA:75,11
DA:78,3
DA:82,3
DA:86,2
DA:90,3
DA:94,1
DA:95,0
DA:97,1
DA:99,1
LF:60
LH:57
BRDA:3,1,0,0
BRDA:3,1,1,1
BRDA:3,2,0,1
BRDA:3,2,1,0
BRDA:6,3,0,1
BRDA:6,3,1,0
BRDA:6,4,0,1
BRDA:6,4,1,1
BRDA:22,5,0,1
BRDA:22,5,1,2
BRDA:22,6,0,3
BRDA:22,6,1,2
BRDA:26,7,0,2
BRDA:26,7,1,0
BRDA:27,8,0,1
BRDA:27,8,1,1
BRDA:35,9,0,1
BRDA:35,9,1,2
BRDA:35,10,0,3
BRDA:35,10,1,2
BRDA:39,11,0,1
BRDA:39,11,1,1
BRDA:40,12,0,1
BRDA:40,12,1,1
BRDA:47,13,0,2
BRDA:47,13,1,3
BRDA:49,14,0,4
BRDA:49,14,1,1
BRDA:50,15,0,2
BRDA:50,15,1,3
BRDA:50,16,0,5
BRDA:50,16,1,4
BRDA:53,17,0,1
BRDA:53,17,1,2
BRDA:55,18,0,3
BRDA:55,18,1,4
BRDA:68,19,0,14
BRDA:68,19,1,14
BRDA:69,20,0,3
BRDA:69,20,1,11
BRDA:69,21,0,14
BRDA:69,21,1,13
BRDA:75,22,0,3
BRDA:75,22,1,3
BRDA:75,22,2,2
BRDA:75,22,3,3
BRDA:94,23,0,0
BRDA:94,23,1,1
BRF:48
BRH:43
end_of_record
TN:
SF:/Users/soyuka/dpicker/dist/dpicker.modifiers.js
FN:2,(anonymous_1)
FN:13,(anonymous_2)
FN:18,InputChange
FNF:3
FNH:3
FNDA:1,(anonymous_1)
FNDA:1,(anonymous_2)
FNDA:11,InputChange
DA:2,1
DA:3,1
DA:5,0
DA:6,1
DA:8,1
DA:11,0
DA:15,1
DA:16,0
DA:18,1
DA:19,11
DA:20,11
DA:21,11
DA:22,6
DA:24,5
DA:25,2
DA:26,1
DA:28,2
DA:30,5
DA:32,1
DA:34,1
LF:20
LH:17
BRDA:3,1,0,0
BRDA:3,1,1,1
BRDA:3,2,0,1
BRDA:3,2,1,0
BRDA:6,3,0,1
BRDA:6,3,1,0
BRDA:6,4,0,1
BRDA:6,4,1,1
BRDA:15,5,0,0
BRDA:15,5,1,1
BRDA:20,6,0,11
BRDA:20,6,1,4
BRDA:21,7,0,6
BRDA:21,7,1,5
BRDA:21,8,0,11
BRDA:21,8,1,9
BRDA:24,9,0,2
BRDA:24,9,1,3
BRDA:25,10,0,1
BRDA:25,10,1,1
BRF:20
BRH:16
end_of_record
